<?xml version="1.0" encoding="UTF-8"?>
<!-- Generated by org.testng.reporters.JUnitXMLReporter -->
<testsuite ignored="0" hostname="Yoga" failures="1" tests="9" name="Test" time="28.453" errors="0" timestamp="2025-06-29T10:31:14 IST">
  <testcase classname="com.indium.uber.qa.tests.BookingRideTest" name="test1" time="0.011"/>
  <testcase classname="com.indium.uber.qa.tests.BookingRideTest" name="test2" time="0.003">
    <failure type="java.lang.AssertionError" message="null">
      <![CDATA[java.lang.AssertionError: null
at com.indium.uber.qa.tests.BookingRideTest.test2(BookingRideTest.java:43)
at java.base/java.util.ArrayList.forEach(ArrayList.java:1597)
... Removed 27 stack frames]]>
    </failure>
  </testcase> <!-- test2 -->
  <testcase classname="com.indium.uber.qa.tests.HomePageHeadingsTest" name="Cheak_Heading" time="0.082"/>
  <testcase classname="com.indium.uber.qa.tests.HomePageHeadingsTest" name="get_Business_With_Uber_headingtext" time="0.032"/>
  <testcase classname="com.indium.uber.qa.tests.HomePageHeadingsTest" name="get_Car_Rent_headingtext" time="0.038"/>
  <testcase classname="com.indium.uber.qa.tests.HomePageHeadingsTest" name="get_Login_headingtext" time="0.04"/>
  <testcase classname="com.indium.uber.qa.tests.HomePageHeadingsTest" name="get_Plan_Later_headingtext" time="1.436"/>
  <testcase classname="com.indium.uber.qa.tests.HomePageHeadingsTest" name="get_schedule_Rides_headingtext" time="0.034"/>
  <testcase classname="com.indium.uber.qa.tests.HomePageHeadingsTest" name="get_ways_of_rides_headingtext" time="0.071"/>
</testsuite> <!-- Test -->
